2025-05-30 15:12:53,126 [INFO] Fold 1 | MAE: 1572383.22
2025-05-30 15:12:53,822 [INFO] Fold 2 | MAE: 2284998.42
2025-05-30 15:12:54,510 [INFO] Fold 3 | MAE: 2762178.73
2025-05-30 15:12:55,204 [INFO] Fold 4 | MAE: 2035557.17
2025-05-30 15:12:55,962 [INFO] Fold 5 | MAE: 4922510.59
2025-05-30 15:12:55,962 [INFO] CV MAE: 2715525.63 ± 1168541.35
2025-05-30 15:12:56,337 [INFO] Fold 1 | MAE: 1333034.37
2025-05-30 15:12:56,709 [INFO] Fold 2 | MAE: 2062784.71
2025-05-30 15:12:57,071 [INFO] Fold 3 | MAE: 2590703.49
2025-05-30 15:12:57,434 [INFO] Fold 4 | MAE: 1978632.37
2025-05-30 15:12:57,800 [INFO] Fold 5 | MAE: 5016769.53
2025-05-30 15:12:57,813 [INFO] CV MAE: 2596384.89 ± 1274417.20
2025-05-30 15:12:58,733 [INFO] Fold 1 | MAE: 1165491.67
2025-05-30 15:12:59,757 [INFO] Fold 2 | MAE: 1951011.84
2025-05-30 15:13:00,827 [INFO] Fold 3 | MAE: 2527476.42
2025-05-30 15:13:01,853 [INFO] Fold 4 | MAE: 1742892.85
2025-05-30 15:13:03,166 [INFO] Fold 5 | MAE: 4767418.54
2025-05-30 15:13:03,166 [INFO] CV MAE: 2430858.27 ± 1246880.16
2025-05-30 15:13:04,285 [INFO] Fold 1 | MAE: 1647532.30
2025-05-30 15:13:05,418 [INFO] Fold 2 | MAE: 2204777.47
2025-05-30 15:13:06,477 [INFO] Fold 3 | MAE: 2667228.63
2025-05-30 15:13:07,584 [INFO] Fold 4 | MAE: 2101295.51
2025-05-30 15:13:08,721 [INFO] Fold 5 | MAE: 5009927.76
2025-05-30 15:13:08,721 [INFO] CV MAE: 2726152.33 ± 1186996.31
2025-05-30 15:13:08,977 [INFO] Fold 1 | MAE: 1273758.27
2025-05-30 15:13:09,220 [INFO] Fold 2 | MAE: 1917052.72
2025-05-30 15:13:09,464 [INFO] Fold 3 | MAE: 2461053.09
2025-05-30 15:13:09,709 [INFO] Fold 4 | MAE: 1975454.86
2025-05-30 15:13:09,960 [INFO] Fold 5 | MAE: 4905737.25
2025-05-30 15:13:09,962 [INFO] CV MAE: 2506611.24 ± 1257578.14
2025-05-30 15:13:10,129 [INFO] Fold 1 | MAE: 1615201.87
2025-05-30 15:13:10,289 [INFO] Fold 2 | MAE: 2498546.93
2025-05-30 15:13:10,450 [INFO] Fold 3 | MAE: 2644991.76
2025-05-30 15:13:10,612 [INFO] Fold 4 | MAE: 2290762.03
2025-05-30 15:13:10,773 [INFO] Fold 5 | MAE: 5181978.10
2025-05-30 15:13:10,773 [INFO] CV MAE: 2846296.14 ± 1219924.13
2025-05-30 15:13:11,032 [INFO] Fold 1 | MAE: 1402753.75
2025-05-30 15:13:11,284 [INFO] Fold 2 | MAE: 1887505.96
2025-05-30 15:13:11,537 [INFO] Fold 3 | MAE: 2417881.49
2025-05-30 15:13:11,789 [INFO] Fold 4 | MAE: 1841955.52
2025-05-30 15:13:12,041 [INFO] Fold 5 | MAE: 4571290.96
2025-05-30 15:13:12,043 [INFO] CV MAE: 2424277.54 ± 1120753.41
2025-05-30 15:13:13,107 [INFO] Fold 1 | MAE: 1343366.07
2025-05-30 15:13:14,226 [INFO] Fold 2 | MAE: 2219105.27
2025-05-30 15:13:15,336 [INFO] Fold 3 | MAE: 2647025.99
2025-05-30 15:13:16,410 [INFO] Fold 4 | MAE: 1944980.91
2025-05-30 15:13:17,445 [INFO] Fold 5 | MAE: 4730452.10
2025-05-30 15:13:17,447 [INFO] CV MAE: 2576986.07 ± 1156862.05
2025-05-30 15:13:17,693 [INFO] Fold 1 | MAE: 1587099.95
2025-05-30 15:13:17,895 [INFO] Fold 2 | MAE: 2562529.66
2025-05-30 15:13:18,101 [INFO] Fold 3 | MAE: 3127400.10
2025-05-30 15:13:18,303 [INFO] Fold 4 | MAE: 2237392.41
2025-05-30 15:13:18,510 [INFO] Fold 5 | MAE: 5172967.89
2025-05-30 15:13:18,510 [INFO] CV MAE: 2937478.00 ± 1223741.19
2025-05-30 15:13:18,914 [INFO] Fold 1 | MAE: 1138951.51
2025-05-30 15:13:19,311 [INFO] Fold 2 | MAE: 1808994.74
2025-05-30 15:13:19,703 [INFO] Fold 3 | MAE: 2286571.62
2025-05-30 15:13:20,101 [INFO] Fold 4 | MAE: 1676601.52
2025-05-30 15:13:20,505 [INFO] Fold 5 | MAE: 4587817.44
2025-05-30 15:13:20,505 [INFO] CV MAE: 2299787.37 ± 1201002.43
2025-05-30 15:13:20,780 [INFO] Fold 1 | MAE: 2193809.54
2025-05-30 15:13:21,007 [INFO] Fold 2 | MAE: 2941846.35
2025-05-30 15:13:21,233 [INFO] Fold 3 | MAE: 3210789.79
2025-05-30 15:13:21,460 [INFO] Fold 4 | MAE: 2887634.79
2025-05-30 15:13:21,691 [INFO] Fold 5 | MAE: 5477556.80
2025-05-30 15:13:21,691 [INFO] CV MAE: 3342327.45 ± 1119172.06
2025-05-30 15:13:22,019 [INFO] Fold 1 | MAE: 1470104.22
2025-05-30 15:13:22,323 [INFO] Fold 2 | MAE: 2106401.68
2025-05-30 15:13:22,618 [INFO] Fold 3 | MAE: 2614800.43
2025-05-30 15:13:22,917 [INFO] Fold 4 | MAE: 1934068.13
2025-05-30 15:13:23,219 [INFO] Fold 5 | MAE: 4810371.28
2025-05-30 15:13:23,219 [INFO] CV MAE: 2587149.15 ± 1170376.31
2025-05-30 15:13:23,455 [INFO] Fold 1 | MAE: 1595755.57
2025-05-30 15:13:23,669 [INFO] Fold 2 | MAE: 2062542.57
2025-05-30 15:13:23,880 [INFO] Fold 3 | MAE: 2316922.77
2025-05-30 15:13:24,096 [INFO] Fold 4 | MAE: 2208871.44
2025-05-30 15:13:24,311 [INFO] Fold 5 | MAE: 4495977.03
2025-05-30 15:13:24,311 [INFO] CV MAE: 2536013.88 ± 1010419.66
2025-05-30 15:13:24,636 [INFO] Fold 1 | MAE: 1352824.49
2025-05-30 15:13:24,933 [INFO] Fold 2 | MAE: 1882230.92
2025-05-30 15:13:25,231 [INFO] Fold 3 | MAE: 2568019.56
2025-05-30 15:13:25,529 [INFO] Fold 4 | MAE: 1899813.12
2025-05-30 15:13:25,828 [INFO] Fold 5 | MAE: 4712920.06
2025-05-30 15:13:25,828 [INFO] CV MAE: 2483161.63 ± 1179669.34
2025-05-30 15:13:26,173 [INFO] Fold 1 | MAE: 1228812.37
2025-05-30 15:13:26,485 [INFO] Fold 2 | MAE: 1728123.37
2025-05-30 15:13:26,798 [INFO] Fold 3 | MAE: 2358892.02
2025-05-30 15:13:27,109 [INFO] Fold 4 | MAE: 1865348.43
2025-05-30 15:13:27,417 [INFO] Fold 5 | MAE: 4635621.21
2025-05-30 15:13:27,419 [INFO] CV MAE: 2363359.48 ± 1191799.51
2025-05-30 15:13:27,983 [INFO] Fold 1 | MAE: 1361364.99
2025-05-30 15:13:28,531 [INFO] Fold 2 | MAE: 1943540.20
2025-05-30 15:13:29,070 [INFO] Fold 3 | MAE: 2555829.24
2025-05-30 15:13:29,613 [INFO] Fold 4 | MAE: 1822191.68
2025-05-30 15:13:30,167 [INFO] Fold 5 | MAE: 5002893.58
2025-05-30 15:13:30,169 [INFO] CV MAE: 2537163.94 ± 1290445.56
2025-05-30 15:13:30,403 [INFO] Fold 1 | MAE: 1270912.87
2025-05-30 15:13:30,595 [INFO] Fold 2 | MAE: 1821505.82
2025-05-30 15:13:30,788 [INFO] Fold 3 | MAE: 2485095.16
2025-05-30 15:13:30,983 [INFO] Fold 4 | MAE: 1827787.21
2025-05-30 15:13:31,176 [INFO] Fold 5 | MAE: 4685228.17
2025-05-30 15:13:31,178 [INFO] CV MAE: 2418105.85 ± 1197062.29
2025-05-30 15:13:31,902 [INFO] Fold 1 | MAE: 1452503.29
2025-05-30 15:13:32,617 [INFO] Fold 2 | MAE: 2000836.03
2025-05-30 15:13:33,456 [INFO] Fold 3 | MAE: 2545343.43
2025-05-30 15:13:34,179 [INFO] Fold 4 | MAE: 1970442.27
2025-05-30 15:13:34,870 [INFO] Fold 5 | MAE: 4820851.54
2025-05-30 15:13:34,872 [INFO] CV MAE: 2557995.31 ± 1183083.77
2025-05-30 15:13:35,003 [INFO] Fold 1 | MAE: 1936193.98
2025-05-30 15:13:35,100 [INFO] Fold 2 | MAE: 2243675.93
2025-05-30 15:13:35,200 [INFO] Fold 3 | MAE: 2750289.23
2025-05-30 15:13:35,299 [INFO] Fold 4 | MAE: 2476879.25
2025-05-30 15:13:35,401 [INFO] Fold 5 | MAE: 4981138.27
2025-05-30 15:13:35,403 [INFO] CV MAE: 2877635.33 ± 1085335.29
2025-05-30 15:13:35,704 [INFO] Fold 1 | MAE: 1266242.58
2025-05-30 15:13:35,981 [INFO] Fold 2 | MAE: 1906972.50
2025-05-30 15:13:36,251 [INFO] Fold 3 | MAE: 2394432.29
2025-05-30 15:13:36,529 [INFO] Fold 4 | MAE: 1890492.63
2025-05-30 15:13:36,804 [INFO] Fold 5 | MAE: 4801849.63
2025-05-30 15:13:36,804 [INFO] CV MAE: 2451997.93 ± 1228289.34
2025-05-30 15:13:37,307 [INFO] Fold 1 | MAE: 1288615.79
2025-05-30 15:13:37,784 [INFO] Fold 2 | MAE: 1903364.12
2025-05-30 15:13:38,256 [INFO] Fold 3 | MAE: 2498273.34
2025-05-30 15:13:38,739 [INFO] Fold 4 | MAE: 1931168.60
2025-05-30 15:13:39,259 [INFO] Fold 5 | MAE: 4810767.00
2025-05-30 15:13:39,259 [INFO] CV MAE: 2486437.77 ± 1223578.58
2025-05-30 15:13:39,485 [INFO] Fold 1 | MAE: 1257149.88
2025-05-30 15:13:39,683 [INFO] Fold 2 | MAE: 1894043.67
2025-05-30 15:13:39,879 [INFO] Fold 3 | MAE: 2441766.01
2025-05-30 15:13:40,087 [INFO] Fold 4 | MAE: 1846151.79
2025-05-30 15:13:40,280 [INFO] Fold 5 | MAE: 4737372.34
2025-05-30 15:13:40,280 [INFO] CV MAE: 2435296.74 ± 1210592.47
2025-05-30 15:13:40,482 [INFO] Fold 1 | MAE: 1453652.68
2025-05-30 15:13:40,653 [INFO] Fold 2 | MAE: 1942843.00
2025-05-30 15:13:40,825 [INFO] Fold 3 | MAE: 2437062.57
2025-05-30 15:13:40,992 [INFO] Fold 4 | MAE: 1956093.76
2025-05-30 15:13:41,166 [INFO] Fold 5 | MAE: 4897861.02
2025-05-30 15:13:41,166 [INFO] CV MAE: 2537502.61 ± 1220472.61
2025-05-30 15:13:41,315 [INFO] Fold 1 | MAE: 1601164.52
2025-05-30 15:13:41,433 [INFO] Fold 2 | MAE: 2035347.22
2025-05-30 15:13:41,547 [INFO] Fold 3 | MAE: 2705406.08
2025-05-30 15:13:41,663 [INFO] Fold 4 | MAE: 1946805.89
2025-05-30 15:13:41,782 [INFO] Fold 5 | MAE: 4818008.91
2025-05-30 15:13:41,782 [INFO] CV MAE: 2621346.53 ± 1155124.51
2025-05-30 15:13:42,085 [INFO] Fold 1 | MAE: 1197710.81
2025-05-30 15:13:42,361 [INFO] Fold 2 | MAE: 2055680.46
2025-05-30 15:13:42,637 [INFO] Fold 3 | MAE: 2516510.79
2025-05-30 15:13:42,917 [INFO] Fold 4 | MAE: 1839583.68
2025-05-30 15:13:43,194 [INFO] Fold 5 | MAE: 4782401.25
2025-05-30 15:13:43,196 [INFO] CV MAE: 2478377.40 ± 1227747.29
2025-05-30 15:13:43,419 [INFO] Fold 1 | MAE: 1584226.58
2025-05-30 15:13:43,614 [INFO] Fold 2 | MAE: 2059060.65
2025-05-30 15:13:43,808 [INFO] Fold 3 | MAE: 2499855.76
2025-05-30 15:13:44,002 [INFO] Fold 4 | MAE: 2075252.65
2025-05-30 15:13:44,198 [INFO] Fold 5 | MAE: 4623522.93
2025-05-30 15:13:44,198 [INFO] CV MAE: 2568383.71 ± 1067656.01
2025-05-30 15:13:44,411 [INFO] Fold 1 | MAE: 1419296.54
2025-05-30 15:13:44,598 [INFO] Fold 2 | MAE: 1881254.35
2025-05-30 15:13:44,780 [INFO] Fold 3 | MAE: 2407855.63
2025-05-30 15:13:44,966 [INFO] Fold 4 | MAE: 1888829.92
2025-05-30 15:13:45,152 [INFO] Fold 5 | MAE: 4775088.78
2025-05-30 15:13:45,152 [INFO] CV MAE: 2474465.04 ± 1192103.55
2025-05-30 15:13:45,545 [INFO] Fold 1 | MAE: 1272001.31
2025-05-30 15:13:45,908 [INFO] Fold 2 | MAE: 1847198.41
2025-05-30 15:13:46,263 [INFO] Fold 3 | MAE: 2454214.98
2025-05-30 15:13:46,629 [INFO] Fold 4 | MAE: 1822564.47
2025-05-30 15:13:47,002 [INFO] Fold 5 | MAE: 4845132.94
2025-05-30 15:13:47,004 [INFO] CV MAE: 2448222.42 ± 1255499.09
2025-05-30 15:13:47,443 [INFO] Fold 1 | MAE: 1222181.53
2025-05-30 15:13:47,855 [INFO] Fold 2 | MAE: 1782053.03
2025-05-30 15:13:48,267 [INFO] Fold 3 | MAE: 2389405.14
2025-05-30 15:13:48,683 [INFO] Fold 4 | MAE: 1823627.85
2025-05-30 15:13:49,098 [INFO] Fold 5 | MAE: 4713903.90
2025-05-30 15:13:49,098 [INFO] CV MAE: 2386234.29 ± 1221035.27
2025-05-30 15:13:49,830 [INFO] Fold 1 | MAE: 1451477.00
2025-05-30 15:13:50,523 [INFO] Fold 2 | MAE: 2192570.59
2025-05-30 15:13:51,231 [INFO] Fold 3 | MAE: 2767300.02
2025-05-30 15:13:51,922 [INFO] Fold 4 | MAE: 2013589.34
2025-05-30 15:13:52,637 [INFO] Fold 5 | MAE: 5158430.91
2025-05-30 15:13:52,637 [INFO] CV MAE: 2716673.57 ± 1291082.93
2025-05-30 15:13:53,029 [INFO] Fold 1 | MAE: 1284690.77
2025-05-30 15:13:53,388 [INFO] Fold 2 | MAE: 1776318.18
2025-05-30 15:13:53,742 [INFO] Fold 3 | MAE: 2493371.76
2025-05-30 15:13:54,097 [INFO] Fold 4 | MAE: 1831427.25
2025-05-30 15:13:54,457 [INFO] Fold 5 | MAE: 4730285.73
2025-05-30 15:13:54,457 [INFO] CV MAE: 2423218.74 ± 1215929.52
2025-05-30 15:13:54,803 [INFO] Fold 1 | MAE: 1290071.21
2025-05-30 15:13:55,108 [INFO] Fold 2 | MAE: 1714840.57
2025-05-30 15:13:55,419 [INFO] Fold 3 | MAE: 2526108.58
2025-05-30 15:13:55,729 [INFO] Fold 4 | MAE: 1895089.56
2025-05-30 15:13:56,036 [INFO] Fold 5 | MAE: 4450097.22
2025-05-30 15:13:56,036 [INFO] CV MAE: 2375241.43 ± 1111040.68
2025-05-30 15:13:56,610 [INFO] Fold 1 | MAE: 1729966.02
2025-05-30 15:13:57,159 [INFO] Fold 2 | MAE: 2291224.26
2025-05-30 15:13:57,704 [INFO] Fold 3 | MAE: 2843298.30
2025-05-30 15:13:58,253 [INFO] Fold 4 | MAE: 2245090.49
2025-05-30 15:13:58,805 [INFO] Fold 5 | MAE: 5192358.28
2025-05-30 15:13:58,805 [INFO] CV MAE: 2860387.47 ± 1218094.39
2025-05-30 15:13:59,200 [INFO] Fold 1 | MAE: 1227657.79
2025-05-30 15:13:59,570 [INFO] Fold 2 | MAE: 1823527.18
2025-05-30 15:13:59,937 [INFO] Fold 3 | MAE: 2413429.96
2025-05-30 15:14:00,309 [INFO] Fold 4 | MAE: 1899132.80
2025-05-30 15:14:00,681 [INFO] Fold 5 | MAE: 4730635.64
2025-05-30 15:14:00,683 [INFO] CV MAE: 2418876.68 ± 1215552.25
2025-05-30 15:14:00,946 [INFO] Fold 1 | MAE: 1362289.49
2025-05-30 15:14:01,178 [INFO] Fold 2 | MAE: 2036571.14
2025-05-30 15:14:01,413 [INFO] Fold 3 | MAE: 2312261.68
2025-05-30 15:14:01,645 [INFO] Fold 4 | MAE: 1951265.46
2025-05-30 15:14:01,879 [INFO] Fold 5 | MAE: 4442932.53
2025-05-30 15:14:01,879 [INFO] CV MAE: 2421064.06 ± 1057292.69
2025-05-30 15:14:02,909 [INFO] Fold 1 | MAE: 1705610.29
2025-05-30 15:14:03,910 [INFO] Fold 2 | MAE: 2489657.31
2025-05-30 15:14:04,902 [INFO] Fold 3 | MAE: 2960069.64
2025-05-30 15:14:05,896 [INFO] Fold 4 | MAE: 2162330.42
2025-05-30 15:14:06,894 [INFO] Fold 5 | MAE: 5260800.64
2025-05-30 15:14:06,896 [INFO] CV MAE: 2915693.66 ± 1242164.31
2025-05-30 15:14:07,234 [INFO] Fold 1 | MAE: 1313652.36
2025-05-30 15:14:07,533 [INFO] Fold 2 | MAE: 1676265.59
2025-05-30 15:14:07,843 [INFO] Fold 3 | MAE: 2490056.17
2025-05-30 15:14:08,145 [INFO] Fold 4 | MAE: 1910448.78
2025-05-30 15:14:08,445 [INFO] Fold 5 | MAE: 4458712.07
2025-05-30 15:14:08,445 [INFO] CV MAE: 2369826.99 ± 1112246.07
2025-05-30 15:14:08,738 [INFO] Fold 1 | MAE: 1379658.87
2025-05-30 15:14:09,009 [INFO] Fold 2 | MAE: 1978356.38
2025-05-30 15:14:09,273 [INFO] Fold 3 | MAE: 2372445.31
2025-05-30 15:14:09,538 [INFO] Fold 4 | MAE: 1950515.30
2025-05-30 15:14:09,803 [INFO] Fold 5 | MAE: 4910408.51
2025-05-30 15:14:09,803 [INFO] CV MAE: 2518276.88 ± 1237245.24
2025-05-30 15:14:10,019 [INFO] Fold 1 | MAE: 1665489.39
2025-05-30 15:14:10,209 [INFO] Fold 2 | MAE: 2086165.33
2025-05-30 15:14:10,397 [INFO] Fold 3 | MAE: 2461488.64
2025-05-30 15:14:10,585 [INFO] Fold 4 | MAE: 2207129.77
2025-05-30 15:14:10,775 [INFO] Fold 5 | MAE: 4767414.56
2025-05-30 15:14:10,775 [INFO] CV MAE: 2637537.54 ± 1095582.87
2025-05-30 15:14:11,095 [INFO] Fold 1 | MAE: 1237573.32
2025-05-30 15:14:11,383 [INFO] Fold 2 | MAE: 1737359.66
2025-05-30 15:14:11,667 [INFO] Fold 3 | MAE: 2221373.42
2025-05-30 15:14:11,953 [INFO] Fold 4 | MAE: 1774132.51
2025-05-30 15:14:12,237 [INFO] Fold 5 | MAE: 4741782.36
2025-05-30 15:14:12,237 [INFO] CV MAE: 2342444.25 ± 1239461.73
2025-05-30 15:14:12,483 [INFO] Fold 1 | MAE: 1602013.85
2025-05-30 15:14:12,698 [INFO] Fold 2 | MAE: 1958706.03
2025-05-30 15:14:12,914 [INFO] Fold 3 | MAE: 2366381.62
2025-05-30 15:14:13,131 [INFO] Fold 4 | MAE: 2144055.31
2025-05-30 15:14:13,344 [INFO] Fold 5 | MAE: 4475090.23
2025-05-30 15:14:13,344 [INFO] CV MAE: 2509249.41 ± 1014345.35
2025-05-30 15:14:13,680 [INFO] Fold 1 | MAE: 1144170.26
2025-05-30 15:14:14,005 [INFO] Fold 2 | MAE: 1899272.76
2025-05-30 15:14:14,307 [INFO] Fold 3 | MAE: 2465466.38
2025-05-30 15:14:14,610 [INFO] Fold 4 | MAE: 1751586.55
2025-05-30 15:14:14,911 [INFO] Fold 5 | MAE: 4555225.34
2025-05-30 15:14:14,913 [INFO] CV MAE: 2363144.26 ± 1173947.74
2025-05-30 15:14:15,243 [INFO] Fold 1 | MAE: 1200712.96
2025-05-30 15:14:15,541 [INFO] Fold 2 | MAE: 1756133.00
2025-05-30 15:14:15,838 [INFO] Fold 3 | MAE: 2296728.30
2025-05-30 15:14:16,133 [INFO] Fold 4 | MAE: 1855593.76
2025-05-30 15:14:16,432 [INFO] Fold 5 | MAE: 4484551.69
2025-05-30 15:14:16,432 [INFO] CV MAE: 2318743.94 ± 1137738.14
2025-05-30 15:14:16,751 [INFO] Fold 1 | MAE: 1178080.07
2025-05-30 15:14:17,041 [INFO] Fold 2 | MAE: 1929097.50
2025-05-30 15:14:17,331 [INFO] Fold 3 | MAE: 2326688.33
2025-05-30 15:14:17,617 [INFO] Fold 4 | MAE: 1763562.21
2025-05-30 15:14:17,907 [INFO] Fold 5 | MAE: 4698145.09
2025-05-30 15:14:17,907 [INFO] CV MAE: 2379114.64 ± 1216926.87
2025-05-30 15:14:18,286 [INFO] Fold 1 | MAE: 1193275.76
2025-05-30 15:14:18,638 [INFO] Fold 2 | MAE: 1871844.13
2025-05-30 15:14:18,986 [INFO] Fold 3 | MAE: 2295370.84
2025-05-30 15:14:19,336 [INFO] Fold 4 | MAE: 1807856.08
2025-05-30 15:14:19,690 [INFO] Fold 5 | MAE: 4735930.43
2025-05-30 15:14:19,690 [INFO] CV MAE: 2380855.45 ± 1228938.74
2025-05-30 15:14:21,312 [INFO] Fold 1 | MAE: 1606849.31
2025-05-30 15:14:22,913 [INFO] Fold 2 | MAE: 2095357.50
2025-05-30 15:14:24,492 [INFO] Fold 3 | MAE: 2728583.44
2025-05-30 15:14:26,118 [INFO] Fold 4 | MAE: 2076410.31
2025-05-30 15:14:27,748 [INFO] Fold 5 | MAE: 4964310.71
2025-05-30 15:14:27,748 [INFO] CV MAE: 2694302.25 ± 1189722.05
2025-05-30 15:14:28,014 [INFO] Fold 1 | MAE: 1537808.35
2025-05-30 15:14:28,230 [INFO] Fold 2 | MAE: 2104928.10
2025-05-30 15:14:28,451 [INFO] Fold 3 | MAE: 2372659.35
2025-05-30 15:14:28,667 [INFO] Fold 4 | MAE: 2048285.85
2025-05-30 15:14:28,885 [INFO] Fold 5 | MAE: 4574579.75
2025-05-30 15:14:28,887 [INFO] CV MAE: 2527652.28 ± 1058509.69
2025-05-30 15:14:30,107 [INFO] Fold 1 | MAE: 1195694.62
2025-05-30 15:14:31,305 [INFO] Fold 2 | MAE: 2006954.47
2025-05-30 15:14:32,492 [INFO] Fold 3 | MAE: 2480499.94
2025-05-30 15:14:33,676 [INFO] Fold 4 | MAE: 1886424.67
2025-05-30 15:14:34,860 [INFO] Fold 5 | MAE: 4590535.24
2025-05-30 15:14:34,860 [INFO] CV MAE: 2432021.79 ± 1154850.10
2025-05-30 15:14:35,157 [INFO] Fold 1 | MAE: 1222876.44
2025-05-30 15:14:35,411 [INFO] Fold 2 | MAE: 1836640.31
2025-05-30 15:14:35,662 [INFO] Fold 3 | MAE: 2272922.14
2025-05-30 15:14:35,915 [INFO] Fold 4 | MAE: 1938456.52
2025-05-30 15:14:36,165 [INFO] Fold 5 | MAE: 4740080.70
2025-05-30 15:14:36,165 [INFO] CV MAE: 2402195.22 ± 1217219.68
2025-05-30 15:14:36,540 [INFO] Fold 1 | MAE: 1153175.43
2025-05-30 15:14:36,882 [INFO] Fold 2 | MAE: 1943286.05
2025-05-30 15:14:37,222 [INFO] Fold 3 | MAE: 2464420.80
2025-05-30 15:14:37,565 [INFO] Fold 4 | MAE: 1730585.10
2025-05-30 15:14:37,912 [INFO] Fold 5 | MAE: 4627223.84
2025-05-30 15:14:37,912 [INFO] CV MAE: 2383738.24 ± 1197883.91
2025-05-30 15:14:37,914 [INFO] Лучшие параметры: {'n_estimators': 483, 'learning_rate': 0.0487439234921055, 'max_depth': 5, 'subsample': 0.8240532293287732, 'colsample_bytree': 0.9431597606912459}
2025-05-30 15:14:37,914 [INFO] Лучший MAE: -2299787.37
2025-05-30 15:14:38,335 [INFO] ✅ Модель сохранена: C:\projects\real_estate_pricing\goat_models\goat_model_upd2.pkl
2025-05-30 15:14:38,343 [INFO] Test MAE: 1268594.58 ₽
